<?xml version="1.0" encoding="UTF-8"?>
<!-- Generated by org.testng.reporters.JUnitReportReporter -->
<testsuite hostname="LAPTOP-5KMFOFH9" failures="0" tests="1" name="com.MobileElementsWithGuestures.LocatorsDemo" time="24.637" errors="0" timestamp="2024-05-23T21:55:03 IST" skipped="0">
  <testcase classname="com.MobileElementsWithGuestures.LocatorsDemo" name="testLocators" time="24.637"/>
  <system-out/>
</testsuite> <!-- com.MobileElementsWithGuestures.LocatorsDemo -->
