<?xml version="1.0" encoding="UTF-8"?>
<!-- Generated by org.testng.reporters.JUnitReportReporter -->
<testsuite hostname="LAPTOP-5KMFOFH9" failures="0" tests="1" name="com.MobileElementsWithGuestures.SwipeGesture" time="5.192" errors="0" timestamp="2024-05-24T21:35:35 IST" skipped="0">
  <testcase classname="com.MobileElementsWithGuestures.SwipeGesture" name="testSwipe" time="5.192"/>
  <system-out/>
</testsuite> <!-- com.MobileElementsWithGuestures.SwipeGesture -->
