<?xml version="1.0" encoding="UTF-8"?>
<!-- Generated by org.testng.reporters.JUnitReportReporter -->
<testsuite hostname="LAPTOP-5KMFOFH9" failures="0" tests="3" name="httpsMethods.NewUser_SameUpdate_Delete" time="5.079" errors="0" timestamp="2024-05-17T20:38:27 IST" skipped="0">
  <testcase classname="httpsMethods.NewUser_SameUpdate_Delete" name="createNewUser_Post" time="4.231"/>
  <system-out/>
  <testcase classname="httpsMethods.NewUser_SameUpdate_Delete" name="sameUserUpdate_Put" time="0.467"/>
  <system-out/>
  <testcase classname="httpsMethods.NewUser_SameUpdate_Delete" name="sameUserDelete" time="0.381"/>
  <system-out/>
</testsuite> <!-- httpsMethods.NewUser_SameUpdate_Delete -->
