<?xml version="1.0" encoding="UTF-8"?>
<!-- Generated by org.testng.reporters.JUnitReportReporter -->
<testsuite hostname="LAPTOP-5KMFOFH9" failures="0" tests="2" name="com.CRM.Utility.AmazonTest" time="6.899" errors="0" timestamp="2024-05-06T11:45:21 IST" skipped="0">
  <testcase classname="com.CRM.Utility.AmazonTest" name="testCase1" time="3.751"/>
  <system-out/>
  <testcase classname="com.CRM.Utility.AmazonTest" name="testCase2" time="3.148"/>
  <system-out/>
</testsuite> <!-- com.CRM.Utility.AmazonTest -->
