<?xml version="1.0" encoding="UTF-8"?>
<!-- Generated by org.testng.reporters.JUnitReportReporter -->
<testsuite hostname="LAPTOP-5KMFOFH9" failures="0" tests="1" name="webtesting.Facebook_Assignment" time="13.096" errors="0" timestamp="2024-06-03T22:28:34 IST" skipped="0">
  <testcase classname="webtesting.Facebook_Assignment" name="f" time="13.096"/>
  <system-out/>
</testsuite> <!-- webtesting.Facebook_Assignment -->
