<?xml version="1.0" encoding="UTF-8"?>
<!-- Generated by org.testng.reporters.JUnitReportReporter -->
<testsuite hostname="LAPTOP-5KMFOFH9" failures="0" tests="1" name="com.MobileScenarios.KeyEventTest" time="9.032" errors="0" timestamp="2024-05-24T22:05:14 IST" skipped="0">
  <testcase classname="com.MobileScenarios.KeyEventTest" name="testMobileKeywboard" time="9.032"/>
  <system-out/>
</testsuite> <!-- com.MobileScenarios.KeyEventTest -->
