<?xml version="1.0" encoding="UTF-8"?>
<!-- Generated by org.testng.reporters.JUnitReportReporter -->
<testsuite hostname="LAPTOP-5KMFOFH9" failures="0" tests="1" name="com.MobileElementsWithGuestures.DragGesture" time="4.484" errors="0" timestamp="2024-05-24T21:24:45 IST" skipped="0">
  <testcase classname="com.MobileElementsWithGuestures.DragGesture" name="testDragnDrop" time="4.484"/>
  <system-out/>
</testsuite> <!-- com.MobileElementsWithGuestures.DragGesture -->
