<?xml version="1.0" encoding="UTF-8"?>
<!-- Generated by org.testng.reporters.JUnitReportReporter -->
<testsuite hostname="LAPTOP-5KMFOFH9" failures="0" tests="1" name="apiScenarios.Serialization_Deserialization" time="0.409" errors="0" timestamp="2024-05-17T21:33:10 IST" skipped="0">
  <testcase classname="apiScenarios.Serialization_Deserialization" name="deserializationTest" time="0.409"/>
  <system-out/>
</testsuite> <!-- apiScenarios.Serialization_Deserialization -->
