<?xml version="1.0" encoding="UTF-8"?>
<!-- Generated by org.testng.reporters.JUnitReportReporter -->
<testsuite hostname="LAPTOP-5KMFOFH9" failures="0" tests="1" name="scenario1.ExcelfileReading" time="1.521" errors="0" timestamp="2024-06-07T20:47:39 IST" skipped="0">
  <testcase classname="scenario1.ExcelfileReading" name="fileReadTest" time="1.521"/>
  <system-out/>
</testsuite> <!-- scenario1.ExcelfileReading -->
