<?xml version="1.0" encoding="UTF-8"?>
<!-- Generated by org.testng.reporters.JUnitReportReporter -->
<testsuite hostname="LAPTOP-5KMFOFH9" failures="0" tests="1" name="com.MobileElementsWithGuestures.ScrollGesture" time="17.024" errors="0" timestamp="2024-05-24T21:06:34 IST" skipped="0">
  <testcase classname="com.MobileElementsWithGuestures.ScrollGesture" name="testScroll" time="17.024"/>
  <system-out/>
</testsuite> <!-- com.MobileElementsWithGuestures.ScrollGesture -->
