<?xml version="1.0" encoding="UTF-8"?>
<!-- Generated by org.testng.reporters.JUnitReportReporter -->
<testsuite hostname="LAPTOP-5KMFOFH9" failures="0" tests="1" name="com.MobileScenarios.WorkingWithApplication" time="13.911" errors="0" timestamp="2024-05-27T21:39:54 IST" skipped="0">
  <testcase classname="com.MobileScenarios.WorkingWithApplication" name="testApp" time="13.911"/>
  <system-out/>
</testsuite> <!-- com.MobileScenarios.WorkingWithApplication -->
