<?xml version="1.0" encoding="UTF-8"?>
<!-- Generated by org.testng.reporters.JUnitReportReporter -->
<testsuite hostname="LAPTOP-5KMFOFH9" failures="0" tests="1" name="com.MobileScenarios.TestNotifications" time="0.711" errors="0" timestamp="2024-05-24T22:20:24 IST" skipped="0">
  <testcase classname="com.MobileScenarios.TestNotifications" name="testNotifications" time="0.711"/>
  <system-out/>
</testsuite> <!-- com.MobileScenarios.TestNotifications -->
