<?xml version="1.0" encoding="UTF-8"?>
<!-- Generated by org.testng.reporters.JUnitReportReporter -->
<testsuite hostname="LAPTOP-5KMFOFH9" failures="0" tests="1" name="zohotest.ZohoSignUp" time="6.223" errors="0" timestamp="2024-06-07T13:55:59 IST" skipped="0">
  <testcase classname="zohotest.ZohoSignUp" name="signupTest" time="6.223"/>
  <system-out/>
</testsuite> <!-- zohotest.ZohoSignUp -->
