<?xml version="1.0" encoding="UTF-8"?>
<!-- Generated by org.testng.reporters.JUnitReportReporter -->
<testsuite hostname="LAPTOP-5KMFOFH9" failures="0" tests="1" name="com.MobileElementsWithGuestures.LongClickGuesture" time="18.076" errors="0" timestamp="2024-05-23T22:19:39 IST" skipped="0">
  <testcase classname="com.MobileElementsWithGuestures.LongClickGuesture" name="testLongClickGesture" time="18.076"/>
  <system-out/>
</testsuite> <!-- com.MobileElementsWithGuestures.LongClickGuesture -->
