<?xml version="1.0" encoding="UTF-8"?>
<!-- Generated by org.testng.reporters.JUnitReportReporter -->
<testsuite hostname="LAPTOP-5KMFOFH9" failures="0" tests="1" name="com.MobileScenarios.AlertHandling" time="4.308" errors="0" timestamp="2024-05-24T21:48:30 IST" skipped="0">
  <testcase classname="com.MobileScenarios.AlertHandling" name="testAlert" time="4.308"/>
  <system-out/>
</testsuite> <!-- com.MobileScenarios.AlertHandling -->
