<?xml version="1.0" encoding="UTF-8"?>
<!-- Generated by org.testng.reporters.JUnitReportReporter -->
<testsuite hostname="LAPTOP-5KMFOFH9" failures="0" tests="1" name="apiScenarios.HeadersTest" time="2.748" errors="0" timestamp="2024-05-17T21:13:57 IST" skipped="0">
  <testcase classname="apiScenarios.HeadersTest" name="getAllHeaders" time="2.748"/>
  <system-out/>
</testsuite> <!-- apiScenarios.HeadersTest -->
