<?xml version="1.0" encoding="UTF-8"?>
<!-- Generated by org.testng.reporters.JUnitReportReporter -->
<testsuite hostname="LAPTOP-5KMFOFH9" failures="0" tests="1" name="com.DriverSession.DriverSessionWithUiAutomator2OptionsClass" time="11.986" errors="0" timestamp="2024-05-24T22:31:09 IST" skipped="0">
  <testcase classname="com.DriverSession.DriverSessionWithUiAutomator2OptionsClass" name="testSession" time="11.986"/>
  <system-out/>
</testsuite> <!-- com.DriverSession.DriverSessionWithUiAutomator2OptionsClass -->
