<?xml version="1.0" encoding="UTF-8"?>
<!-- Generated by org.testng.reporters.JUnitReportReporter -->
<testsuite hostname="LAPTOP-5KMFOFH9" failures="0" tests="1" name="com.MobileScenarios.GetPerformanceData" time="0.424" errors="0" timestamp="2024-05-27T21:17:30 IST" skipped="0">
  <testcase classname="com.MobileScenarios.GetPerformanceData" name="testPerformanceParameters" time="0.424"/>
  <system-out/>
</testsuite> <!-- com.MobileScenarios.GetPerformanceData -->
