<?xml version="1.0" encoding="UTF-8"?>
<!-- Generated by org.testng.reporters.JUnitReportReporter -->
<testsuite hostname="LAPTOP-5KMFOFH9" failures="0" tests="1" name="com.DriverSession.FirstAppiumDriverSession" time="17.651" errors="0" timestamp="2024-05-23T20:29:19 IST" skipped="0">
  <testcase classname="com.DriverSession.FirstAppiumDriverSession" name="testSession" time="17.651"/>
  <system-out/>
</testsuite> <!-- com.DriverSession.FirstAppiumDriverSession -->
