<?xml version="1.0" encoding="UTF-8"?>
<!-- Generated by org.testng.reporters.JUnitReportReporter -->
<testsuite hostname="LAPTOP-5KMFOFH9" failures="0" tests="2" name="httpsMethods.BDD_GET_Request" time="3.366" errors="0" timestamp="2024-05-16T21:06:56 IST" skipped="0">
  <testcase classname="httpsMethods.BDD_GET_Request" name="get_GoogleTest" time="3.053"/>
  <system-out/>
  <testcase classname="httpsMethods.BDD_GET_Request" name="get_GoogleTest2" time="0.313"/>
  <system-out/>
</testsuite> <!-- httpsMethods.BDD_GET_Request -->
