<?xml version="1.0" encoding="UTF-8"?>
<!-- Generated by org.testng.reporters.JUnitReportReporter -->
<testsuite hostname="LAPTOP-5KMFOFH9" failures="0" tests="1" name="com.DriverSession.DriverSessionWithUiAutomator2OptionsClass" time="12.500" errors="0" timestamp="2024-05-22T22:17:56 IST" skipped="0">
  <testcase classname="com.DriverSession.DriverSessionWithUiAutomator2OptionsClass" name="testSession" time="12.500"/>
  <system-out/>
</testsuite> <!-- com.DriverSession.DriverSessionWithUiAutomator2OptionsClass -->
