<?xml version="1.0" encoding="UTF-8"?>
<!-- Generated by org.testng.reporters.JUnitReportReporter -->
<testsuite hostname="LAPTOP-5KMFOFH9" failures="0" tests="1" name="com.DriverSession.CreateDriverSessionWithAppPackageActivity" time="10.705" errors="0" timestamp="2024-05-23T20:55:24 IST" skipped="0">
  <testcase classname="com.DriverSession.CreateDriverSessionWithAppPackageActivity" name="testSession" time="10.705"/>
  <system-out/>
</testsuite> <!-- com.DriverSession.CreateDriverSessionWithAppPackageActivity -->
