<?xml version="1.0" encoding="UTF-8"?>
<!-- Generated by org.testng.reporters.JUnitReportReporter -->
<testsuite hostname="LAPTOP-5KMFOFH9" failures="0" tests="1" name="httpsMethods.POST_Request_Ways" time="4.538" errors="0" timestamp="2024-05-16T22:03:41 IST" skipped="0">
  <testcase classname="httpsMethods.POST_Request_Ways" name="pojoWay" time="4.538"/>
  <system-out/>
</testsuite> <!-- httpsMethods.POST_Request_Ways -->
