<?xml version="1.0" encoding="UTF-8"?>
<!-- Generated by org.testng.reporters.JUnitReportReporter -->
<testsuite hostname="LAPTOP-5KMFOFH9" failures="0" tests="1" name="com.MobileScenarios.ToggleWifi_Data_AirplaneMode" time="12.688" errors="0" timestamp="2024-05-27T20:51:59 IST" skipped="0">
  <testcase classname="com.MobileScenarios.ToggleWifi_Data_AirplaneMode" name="testNetworkSetup" time="12.688"/>
  <system-out/>
</testsuite> <!-- com.MobileScenarios.ToggleWifi_Data_AirplaneMode -->
