<?xml version="1.0" encoding="UTF-8"?>
<!-- Generated by org.testng.reporters.JUnitReportReporter -->
<testsuite hostname="LAPTOP-5KMFOFH9" failures="0" tests="1" name="apiScenarios.AuthenticationTest" time="5.815" errors="0" timestamp="2024-05-17T22:15:13 IST" skipped="0">
  <testcase classname="apiScenarios.AuthenticationTest" name="oAuth2Test" time="5.815"/>
  <system-out/>
</testsuite> <!-- apiScenarios.AuthenticationTest -->
