<?xml version="1.0" encoding="UTF-8"?>
<!-- Generated by org.testng.reporters.JUnitReportReporter -->
<testsuite hostname="LAPTOP-5KMFOFH9" failures="0" tests="1" name="httpsMethods.Update_Delete_Request" time="2.897" errors="0" timestamp="2024-05-16T22:10:33 IST" skipped="0">
  <testcase classname="httpsMethods.Update_Delete_Request" name="deleteUser" time="2.897"/>
  <system-out/>
</testsuite> <!-- httpsMethods.Update_Delete_Request -->
