<?xml version="1.0" encoding="UTF-8"?>
<!-- Generated by org.testng.reporters.JUnitReportReporter -->
<testsuite hostname="LAPTOP-5KMFOFH9" failures="0" tests="1" name="com.MobileScenarios.Lock_Unlock_Rotate" time="0.419" errors="0" timestamp="2024-05-27T21:02:44 IST" skipped="0">
  <testcase classname="com.MobileScenarios.Lock_Unlock_Rotate" name="testLock_Unlock_Rotate" time="0.419"/>
  <system-out/>
</testsuite> <!-- com.MobileScenarios.Lock_Unlock_Rotate -->
