<?xml version="1.0" encoding="UTF-8"?>
<!-- Generated by org.testng.reporters.JUnitReportReporter -->
<testsuite hostname="LAPTOP-5KMFOFH9" failures="0" tests="1" name="com.MobileElementsWithGuestures.ClickGestureTest" time="12.742" errors="0" timestamp="2024-05-23T22:09:03 IST" skipped="0">
  <testcase classname="com.MobileElementsWithGuestures.ClickGestureTest" name="testClickGesture" time="12.742"/>
  <system-out/>
</testsuite> <!-- com.MobileElementsWithGuestures.ClickGestureTest -->
