<?xml version="1.0" encoding="UTF-8"?>
<!-- Generated by org.testng.reporters.JUnitReportReporter -->
<testsuite hostname="LAPTOP-5KMFOFH9" failures="0" tests="1" name="apiScenarios.CookiesTest" time="2.787" errors="0" timestamp="2024-05-17T21:08:34 IST" skipped="0">
  <testcase classname="apiScenarios.CookiesTest" name="validateCookie" time="2.787"/>
  <system-out/>
</testsuite> <!-- apiScenarios.CookiesTest -->
