<?xml version="1.0" encoding="UTF-8"?>
<!-- Generated by org.testng.reporters.JUnitReportReporter -->
<testsuite hostname="LAPTOP-5KMFOFH9" failures="0" tests="1" name="webtesting.ExtentReportTest" time="0.791" errors="0" timestamp="2024-05-29T20:56:04 IST" skipped="0">
  <testcase classname="webtesting.ExtentReportTest" name="testReport" time="0.791"/>
  <system-out/>
</testsuite> <!-- webtesting.ExtentReportTest -->
