<?xml version="1.0" encoding="UTF-8"?>
<!-- Generated by org.testng.reporters.JUnitReportReporter -->
<testsuite hostname="LAPTOP-5KMFOFH9" failures="0" tests="1" name="apiScenarios.Query_PathParams" time="2.268" errors="0" timestamp="2024-05-17T20:51:15 IST" skipped="0">
  <testcase classname="apiScenarios.Query_PathParams" name="parametersTest" time="2.268"/>
  <system-out/>
</testsuite> <!-- apiScenarios.Query_PathParams -->
